2023-12-28 12:55:17,898 [INFO] Watching for file changes with StatReloader
2023-12-28 12:55:56,536 [INFO] /home/sharashell/DjangoProjects/BOMACH_PROJECTS/bomach_django/myapps/staff_dashboard/admin/custom_apps.py changed, reloading.
2023-12-28 12:55:58,829 [INFO] Watching for file changes with StatReloader
2023-12-28 12:57:59,398 [INFO] /home/sharashell/DjangoProjects/BOMACH_PROJECTS/bomach_django/myapps/staff_dashboard/admin/registered_apps_list.py changed, reloading.
2023-12-28 12:58:01,834 [INFO] Watching for file changes with StatReloader
2023-12-28 12:58:24,495 [INFO] Watching for file changes with StatReloader
2023-12-28 13:00:14,749 [INFO] Watching for file changes with StatReloader
2023-12-28 13:03:59,795 [INFO] Watching for file changes with StatReloader
2023-12-28 13:04:13,285 [INFO] Watching for file changes with StatReloader
2023-12-28 13:04:28,714 [ERROR] Internal Server Error: /
Traceback (most recent call last):
  File "/home/sharashell/.local/lib/python3.8/site-packages/django/db/backends/utils.py", line 89, in _execute
    return self.cursor.execute(sql, params)
  File "/home/sharashell/.local/lib/python3.8/site-packages/django/db/backends/sqlite3/base.py", line 328, in execute
    return super().execute(query, params)
sqlite3.OperationalError: no such table: frontend_datajosn

The above exception was the direct cause of the following exception:

Traceback (most recent call last):
  File "/home/sharashell/.local/lib/python3.8/site-packages/django/core/handlers/exception.py", line 55, in inner
    response = get_response(request)
  File "/home/sharashell/.local/lib/python3.8/site-packages/django/core/handlers/base.py", line 197, in _get_response
    response = wrapped_callback(request, *callback_args, **callback_kwargs)
  File "/home/sharashell/DjangoProjects/BOMACH_PROJECTS/bomach_django/myapps/frontend/views.py", line 12, in index
    return render(request, f"{TEMPLATE}/{pagename}.html", context=context)
  File "/home/sharashell/.local/lib/python3.8/site-packages/django/shortcuts.py", line 24, in render
    content = loader.render_to_string(template_name, context, request, using=using)
  File "/home/sharashell/.local/lib/python3.8/site-packages/django/template/loader.py", line 62, in render_to_string
    return template.render(context, request)
  File "/home/sharashell/.local/lib/python3.8/site-packages/django/template/backends/django.py", line 61, in render
    return self.template.render(context)
  File "/home/sharashell/.local/lib/python3.8/site-packages/django/template/base.py", line 175, in render
    return self._render(context)
  File "/home/sharashell/.local/lib/python3.8/site-packages/django/template/base.py", line 167, in _render
    return self.nodelist.render(context)
  File "/home/sharashell/.local/lib/python3.8/site-packages/django/template/base.py", line 1005, in render
    return SafeString("".join([node.render_annotated(context) for node in self]))
  File "/home/sharashell/.local/lib/python3.8/site-packages/django/template/base.py", line 1005, in <listcomp>
    return SafeString("".join([node.render_annotated(context) for node in self]))
  File "/home/sharashell/.local/lib/python3.8/site-packages/django/template/base.py", line 966, in render_annotated
    return self.render(context)
  File "/home/sharashell/.local/lib/python3.8/site-packages/django/template/loader_tags.py", line 157, in render
    return compiled_parent._render(context)
  File "/home/sharashell/.local/lib/python3.8/site-packages/django/template/base.py", line 167, in _render
    return self.nodelist.render(context)
  File "/home/sharashell/.local/lib/python3.8/site-packages/django/template/base.py", line 1005, in render
    return SafeString("".join([node.render_annotated(context) for node in self]))
  File "/home/sharashell/.local/lib/python3.8/site-packages/django/template/base.py", line 1005, in <listcomp>
    return SafeString("".join([node.render_annotated(context) for node in self]))
  File "/home/sharashell/.local/lib/python3.8/site-packages/django/template/base.py", line 966, in render_annotated
    return self.render(context)
  File "/home/sharashell/.local/lib/python3.8/site-packages/django/template/defaulttags.py", line 194, in render
    len_values = len(values)
  File "/home/sharashell/.local/lib/python3.8/site-packages/django/db/models/query.py", line 380, in __len__
    self._fetch_all()
  File "/home/sharashell/.local/lib/python3.8/site-packages/django/db/models/query.py", line 1881, in _fetch_all
    self._result_cache = list(self._iterable_class(self))
  File "/home/sharashell/.local/lib/python3.8/site-packages/django/db/models/query.py", line 91, in __iter__
    results = compiler.execute_sql(
  File "/home/sharashell/.local/lib/python3.8/site-packages/django/db/models/sql/compiler.py", line 1560, in execute_sql
    cursor.execute(sql, params)
  File "/home/sharashell/.local/lib/python3.8/site-packages/django/db/backends/utils.py", line 102, in execute
    return super().execute(sql, params)
  File "/home/sharashell/.local/lib/python3.8/site-packages/django/db/backends/utils.py", line 67, in execute
    return self._execute_with_wrappers(
  File "/home/sharashell/.local/lib/python3.8/site-packages/django/db/backends/utils.py", line 80, in _execute_with_wrappers
    return executor(sql, params, many, context)
  File "/home/sharashell/.local/lib/python3.8/site-packages/django/db/backends/utils.py", line 89, in _execute
    return self.cursor.execute(sql, params)
  File "/home/sharashell/.local/lib/python3.8/site-packages/django/db/utils.py", line 91, in __exit__
    raise dj_exc_value.with_traceback(traceback) from exc_value
  File "/home/sharashell/.local/lib/python3.8/site-packages/django/db/backends/utils.py", line 89, in _execute
    return self.cursor.execute(sql, params)
  File "/home/sharashell/.local/lib/python3.8/site-packages/django/db/backends/sqlite3/base.py", line 328, in execute
    return super().execute(query, params)
django.db.utils.OperationalError: no such table: frontend_datajosn
2023-12-28 13:04:30,184 [WARNING] Not Found: /favicon.ico
2023-12-28 13:04:45,991 [WARNING] Could not reverse url from auth.user
2023-12-28 13:04:55,848 [ERROR] Internal Server Error: /
Traceback (most recent call last):
  File "/home/sharashell/.local/lib/python3.8/site-packages/django/db/backends/utils.py", line 89, in _execute
    return self.cursor.execute(sql, params)
  File "/home/sharashell/.local/lib/python3.8/site-packages/django/db/backends/sqlite3/base.py", line 328, in execute
    return super().execute(query, params)
sqlite3.OperationalError: no such table: frontend_datajosn

The above exception was the direct cause of the following exception:

Traceback (most recent call last):
  File "/home/sharashell/.local/lib/python3.8/site-packages/django/core/handlers/exception.py", line 55, in inner
    response = get_response(request)
  File "/home/sharashell/.local/lib/python3.8/site-packages/django/core/handlers/base.py", line 197, in _get_response
    response = wrapped_callback(request, *callback_args, **callback_kwargs)
  File "/home/sharashell/DjangoProjects/BOMACH_PROJECTS/bomach_django/myapps/frontend/views.py", line 12, in index
    return render(request, f"{TEMPLATE}/{pagename}.html", context=context)
  File "/home/sharashell/.local/lib/python3.8/site-packages/django/shortcuts.py", line 24, in render
    content = loader.render_to_string(template_name, context, request, using=using)
  File "/home/sharashell/.local/lib/python3.8/site-packages/django/template/loader.py", line 62, in render_to_string
    return template.render(context, request)
  File "/home/sharashell/.local/lib/python3.8/site-packages/django/template/backends/django.py", line 61, in render
    return self.template.render(context)
  File "/home/sharashell/.local/lib/python3.8/site-packages/django/template/base.py", line 175, in render
    return self._render(context)
  File "/home/sharashell/.local/lib/python3.8/site-packages/django/template/base.py", line 167, in _render
    return self.nodelist.render(context)
  File "/home/sharashell/.local/lib/python3.8/site-packages/django/template/base.py", line 1005, in render
    return SafeString("".join([node.render_annotated(context) for node in self]))
  File "/home/sharashell/.local/lib/python3.8/site-packages/django/template/base.py", line 1005, in <listcomp>
    return SafeString("".join([node.render_annotated(context) for node in self]))
  File "/home/sharashell/.local/lib/python3.8/site-packages/django/template/base.py", line 966, in render_annotated
    return self.render(context)
  File "/home/sharashell/.local/lib/python3.8/site-packages/django/template/loader_tags.py", line 157, in render
    return compiled_parent._render(context)
  File "/home/sharashell/.local/lib/python3.8/site-packages/django/template/base.py", line 167, in _render
    return self.nodelist.render(context)
  File "/home/sharashell/.local/lib/python3.8/site-packages/django/template/base.py", line 1005, in render
    return SafeString("".join([node.render_annotated(context) for node in self]))
  File "/home/sharashell/.local/lib/python3.8/site-packages/django/template/base.py", line 1005, in <listcomp>
    return SafeString("".join([node.render_annotated(context) for node in self]))
  File "/home/sharashell/.local/lib/python3.8/site-packages/django/template/base.py", line 966, in render_annotated
    return self.render(context)
  File "/home/sharashell/.local/lib/python3.8/site-packages/django/template/defaulttags.py", line 194, in render
    len_values = len(values)
  File "/home/sharashell/.local/lib/python3.8/site-packages/django/db/models/query.py", line 380, in __len__
    self._fetch_all()
  File "/home/sharashell/.local/lib/python3.8/site-packages/django/db/models/query.py", line 1881, in _fetch_all
    self._result_cache = list(self._iterable_class(self))
  File "/home/sharashell/.local/lib/python3.8/site-packages/django/db/models/query.py", line 91, in __iter__
    results = compiler.execute_sql(
  File "/home/sharashell/.local/lib/python3.8/site-packages/django/db/models/sql/compiler.py", line 1560, in execute_sql
    cursor.execute(sql, params)
  File "/home/sharashell/.local/lib/python3.8/site-packages/django/db/backends/utils.py", line 102, in execute
    return super().execute(sql, params)
  File "/home/sharashell/.local/lib/python3.8/site-packages/django/db/backends/utils.py", line 67, in execute
    return self._execute_with_wrappers(
  File "/home/sharashell/.local/lib/python3.8/site-packages/django/db/backends/utils.py", line 80, in _execute_with_wrappers
    return executor(sql, params, many, context)
  File "/home/sharashell/.local/lib/python3.8/site-packages/django/db/backends/utils.py", line 89, in _execute
    return self.cursor.execute(sql, params)
  File "/home/sharashell/.local/lib/python3.8/site-packages/django/db/utils.py", line 91, in __exit__
    raise dj_exc_value.with_traceback(traceback) from exc_value
  File "/home/sharashell/.local/lib/python3.8/site-packages/django/db/backends/utils.py", line 89, in _execute
    return self.cursor.execute(sql, params)
  File "/home/sharashell/.local/lib/python3.8/site-packages/django/db/backends/sqlite3/base.py", line 328, in execute
    return super().execute(query, params)
django.db.utils.OperationalError: no such table: frontend_datajosn
2023-12-28 13:07:08,911 [INFO] Watching for file changes with StatReloader
2023-12-28 13:08:46,891 [INFO] Watching for file changes with StatReloader
2023-12-28 13:08:53,469 [WARNING] Not Found: /staff
2023-12-28 13:09:23,633 [INFO] /home/sharashell/DjangoProjects/BOMACH_PROJECTS/bomach_django/myapps/staff_dashboard/admin/base.py changed, reloading.
2023-12-28 13:09:26,166 [INFO] Watching for file changes with StatReloader
2023-12-28 13:09:29,363 [INFO] /home/sharashell/DjangoProjects/BOMACH_PROJECTS/bomach_django/myapps/staff_dashboard/admin/base.py changed, reloading.
2023-12-28 13:09:31,512 [INFO] Watching for file changes with StatReloader
2023-12-28 13:09:39,046 [INFO] /home/sharashell/DjangoProjects/BOMACH_PROJECTS/bomach_django/myapps/staff_dashboard/admin/base.py changed, reloading.
2023-12-28 13:09:45,757 [INFO] Watching for file changes with StatReloader
2023-12-28 13:09:48,408 [WARNING] Not Found: /staff
2023-12-28 13:09:51,300 [WARNING] Not Found: /staff/
2023-12-28 13:10:20,384 [INFO] Watching for file changes with StatReloader
2023-12-28 13:13:13,222 [INFO] /home/sharashell/DjangoProjects/BOMACH_PROJECTS/bomach_django/admin_staff/admin_staff/settings/development_settings.py changed, reloading.
2023-12-28 13:13:15,424 [INFO] Watching for file changes with StatReloader
2023-12-28 13:13:25,141 [INFO] /home/sharashell/DjangoProjects/BOMACH_PROJECTS/bomach_django/admin_staff/admin_staff/settings/development_settings.py changed, reloading.
2023-12-28 13:14:13,121 [INFO] Watching for file changes with StatReloader
2023-12-28 13:14:15,505 [INFO] /home/sharashell/DjangoProjects/BOMACH_PROJECTS/bomach_django/myapps/staff_dashboard/apps.py changed, reloading.
2023-12-28 13:14:17,726 [INFO] Watching for file changes with StatReloader
2023-12-28 13:16:41,234 [INFO] Watching for file changes with StatReloader
2023-12-28 13:17:05,573 [INFO] /home/sharashell/DjangoProjects/BOMACH_PROJECTS/bomach_django/superadmin/superadmin/settings/core_apps.py changed, reloading.
2023-12-28 13:20:14,538 [INFO] Watching for file changes with StatReloader
2023-12-28 13:20:44,316 [INFO] Watching for file changes with StatReloader
2023-12-28 13:21:57,901 [INFO] /home/sharashell/DjangoProjects/BOMACH_PROJECTS/bomach_django/admin_staff/dashboard/admin/base.py changed, reloading.
2023-12-28 13:22:00,164 [INFO] Watching for file changes with StatReloader
2023-12-28 13:22:05,996 [INFO] /home/sharashell/DjangoProjects/BOMACH_PROJECTS/bomach_django/admin_staff/dashboard/admin/base.py changed, reloading.
2023-12-28 13:22:08,040 [INFO] Watching for file changes with StatReloader
2023-12-28 13:22:13,237 [INFO] /home/sharashell/DjangoProjects/BOMACH_PROJECTS/bomach_django/admin_staff/dashboard/admin/base.py changed, reloading.
2023-12-28 13:22:15,505 [INFO] Watching for file changes with StatReloader
2023-12-28 13:22:17,913 [INFO] /home/sharashell/DjangoProjects/BOMACH_PROJECTS/bomach_django/admin_staff/dashboard/admin/base.py changed, reloading.
2023-12-28 13:22:20,222 [INFO] Watching for file changes with StatReloader
2023-12-28 13:23:27,314 [ERROR] Internal Server Error: /staff/
Traceback (most recent call last):
  File "/home/sharashell/.local/lib/python3.8/site-packages/django/core/handlers/exception.py", line 55, in inner
    response = get_response(request)
  File "/home/sharashell/.local/lib/python3.8/site-packages/django/core/handlers/base.py", line 220, in _get_response
    response = response.render()
  File "/home/sharashell/.local/lib/python3.8/site-packages/django/template/response.py", line 114, in render
    self.content = self.rendered_content
  File "/home/sharashell/.local/lib/python3.8/site-packages/django/template/response.py", line 92, in rendered_content
    return template.render(context, self._request)
  File "/home/sharashell/.local/lib/python3.8/site-packages/django/template/backends/django.py", line 61, in render
    return self.template.render(context)
  File "/home/sharashell/.local/lib/python3.8/site-packages/django/template/base.py", line 175, in render
    return self._render(context)
  File "/home/sharashell/.local/lib/python3.8/site-packages/django/template/base.py", line 167, in _render
    return self.nodelist.render(context)
  File "/home/sharashell/.local/lib/python3.8/site-packages/django/template/base.py", line 1005, in render
    return SafeString("".join([node.render_annotated(context) for node in self]))
  File "/home/sharashell/.local/lib/python3.8/site-packages/django/template/base.py", line 1005, in <listcomp>
    return SafeString("".join([node.render_annotated(context) for node in self]))
  File "/home/sharashell/.local/lib/python3.8/site-packages/django/template/base.py", line 966, in render_annotated
    return self.render(context)
  File "/home/sharashell/.local/lib/python3.8/site-packages/django/template/loader_tags.py", line 157, in render
    return compiled_parent._render(context)
  File "/home/sharashell/.local/lib/python3.8/site-packages/django/template/base.py", line 167, in _render
    return self.nodelist.render(context)
  File "/home/sharashell/.local/lib/python3.8/site-packages/django/template/base.py", line 1005, in render
    return SafeString("".join([node.render_annotated(context) for node in self]))
  File "/home/sharashell/.local/lib/python3.8/site-packages/django/template/base.py", line 1005, in <listcomp>
    return SafeString("".join([node.render_annotated(context) for node in self]))
  File "/home/sharashell/.local/lib/python3.8/site-packages/django/template/base.py", line 966, in render_annotated
    return self.render(context)
  File "/home/sharashell/.local/lib/python3.8/site-packages/django/template/loader_tags.py", line 157, in render
    return compiled_parent._render(context)
  File "/home/sharashell/.local/lib/python3.8/site-packages/django/template/base.py", line 167, in _render
    return self.nodelist.render(context)
  File "/home/sharashell/.local/lib/python3.8/site-packages/django/template/base.py", line 1005, in render
    return SafeString("".join([node.render_annotated(context) for node in self]))
  File "/home/sharashell/.local/lib/python3.8/site-packages/django/template/base.py", line 1005, in <listcomp>
    return SafeString("".join([node.render_annotated(context) for node in self]))
  File "/home/sharashell/.local/lib/python3.8/site-packages/django/template/base.py", line 966, in render_annotated
    return self.render(context)
  File "/home/sharashell/.local/lib/python3.8/site-packages/django/template/base.py", line 1064, in render
    output = self.filter_expression.resolve(context)
  File "/home/sharashell/.local/lib/python3.8/site-packages/django/template/base.py", line 715, in resolve
    obj = self.var.resolve(context)
  File "/home/sharashell/.local/lib/python3.8/site-packages/django/template/base.py", line 847, in resolve
    value = self._resolve_lookup(context)
  File "/home/sharashell/.local/lib/python3.8/site-packages/django/template/base.py", line 914, in _resolve_lookup
    current = current()
  File "/home/sharashell/DjangoProjects/BOMACH_PROJECTS/bomach_django/myapps/authuser/models/user_model.py", line 94, in get_short_name
    return f"{self.first_name} {self.last_name}" or self.email.split('@')[0]
AttributeError: 'User' object has no attribute 'first_name'
2023-12-28 13:24:44,457 [INFO] /home/sharashell/DjangoProjects/BOMACH_PROJECTS/bomach_django/myapps/authuser/models/user_model.py changed, reloading.
2023-12-28 13:25:21,968 [INFO] Watching for file changes with StatReloader
2023-12-28 13:25:25,099 [ERROR] Internal Server Error: /staff/
Traceback (most recent call last):
  File "/home/sharashell/.local/lib/python3.8/site-packages/django/core/handlers/exception.py", line 55, in inner
    response = get_response(request)
  File "/home/sharashell/.local/lib/python3.8/site-packages/django/core/handlers/base.py", line 220, in _get_response
    response = response.render()
  File "/home/sharashell/.local/lib/python3.8/site-packages/django/template/response.py", line 114, in render
    self.content = self.rendered_content
  File "/home/sharashell/.local/lib/python3.8/site-packages/django/template/response.py", line 92, in rendered_content
    return template.render(context, self._request)
  File "/home/sharashell/.local/lib/python3.8/site-packages/django/template/backends/django.py", line 61, in render
    return self.template.render(context)
  File "/home/sharashell/.local/lib/python3.8/site-packages/django/template/base.py", line 175, in render
    return self._render(context)
  File "/home/sharashell/.local/lib/python3.8/site-packages/django/template/base.py", line 167, in _render
    return self.nodelist.render(context)
  File "/home/sharashell/.local/lib/python3.8/site-packages/django/template/base.py", line 1005, in render
    return SafeString("".join([node.render_annotated(context) for node in self]))
  File "/home/sharashell/.local/lib/python3.8/site-packages/django/template/base.py", line 1005, in <listcomp>
    return SafeString("".join([node.render_annotated(context) for node in self]))
  File "/home/sharashell/.local/lib/python3.8/site-packages/django/template/base.py", line 966, in render_annotated
    return self.render(context)
  File "/home/sharashell/.local/lib/python3.8/site-packages/django/template/loader_tags.py", line 157, in render
    return compiled_parent._render(context)
  File "/home/sharashell/.local/lib/python3.8/site-packages/django/template/base.py", line 167, in _render
    return self.nodelist.render(context)
  File "/home/sharashell/.local/lib/python3.8/site-packages/django/template/base.py", line 1005, in render
    return SafeString("".join([node.render_annotated(context) for node in self]))
  File "/home/sharashell/.local/lib/python3.8/site-packages/django/template/base.py", line 1005, in <listcomp>
    return SafeString("".join([node.render_annotated(context) for node in self]))
  File "/home/sharashell/.local/lib/python3.8/site-packages/django/template/base.py", line 966, in render_annotated
    return self.render(context)
  File "/home/sharashell/.local/lib/python3.8/site-packages/django/template/loader_tags.py", line 157, in render
    return compiled_parent._render(context)
  File "/home/sharashell/.local/lib/python3.8/site-packages/django/template/base.py", line 167, in _render
    return self.nodelist.render(context)
  File "/home/sharashell/.local/lib/python3.8/site-packages/django/template/base.py", line 1005, in render
    return SafeString("".join([node.render_annotated(context) for node in self]))
  File "/home/sharashell/.local/lib/python3.8/site-packages/django/template/base.py", line 1005, in <listcomp>
    return SafeString("".join([node.render_annotated(context) for node in self]))
  File "/home/sharashell/.local/lib/python3.8/site-packages/django/template/base.py", line 966, in render_annotated
    return self.render(context)
  File "/home/sharashell/.local/lib/python3.8/site-packages/django/template/base.py", line 1064, in render
    output = self.filter_expression.resolve(context)
  File "/home/sharashell/.local/lib/python3.8/site-packages/django/template/base.py", line 715, in resolve
    obj = self.var.resolve(context)
  File "/home/sharashell/.local/lib/python3.8/site-packages/django/template/base.py", line 847, in resolve
    value = self._resolve_lookup(context)
  File "/home/sharashell/.local/lib/python3.8/site-packages/django/template/base.py", line 914, in _resolve_lookup
    current = current()
  File "/home/sharashell/DjangoProjects/BOMACH_PROJECTS/bomach_django/myapps/authuser/models/user_model.py", line 94, in get_short_name
    return f"{self.user.username}" or self.email.split('@')[0]
AttributeError: 'User' object has no attribute 'user'
2023-12-28 13:25:35,773 [INFO] /home/sharashell/DjangoProjects/BOMACH_PROJECTS/bomach_django/myapps/authuser/models/user_model.py changed, reloading.
2023-12-28 13:25:38,987 [INFO] Watching for file changes with StatReloader
2023-12-28 13:25:40,881 [ERROR] Internal Server Error: /staff/
Traceback (most recent call last):
  File "/home/sharashell/.local/lib/python3.8/site-packages/django/urls/base.py", line 71, in reverse
    extra, resolver = resolver.namespace_dict[ns]
KeyError: 'superadmin'

During handling of the above exception, another exception occurred:

Traceback (most recent call last):
  File "/home/sharashell/.local/lib/python3.8/site-packages/django/core/handlers/exception.py", line 55, in inner
    response = get_response(request)
  File "/home/sharashell/.local/lib/python3.8/site-packages/django/core/handlers/base.py", line 220, in _get_response
    response = response.render()
  File "/home/sharashell/.local/lib/python3.8/site-packages/django/template/response.py", line 114, in render
    self.content = self.rendered_content
  File "/home/sharashell/.local/lib/python3.8/site-packages/django/template/response.py", line 92, in rendered_content
    return template.render(context, self._request)
  File "/home/sharashell/.local/lib/python3.8/site-packages/django/template/backends/django.py", line 61, in render
    return self.template.render(context)
  File "/home/sharashell/.local/lib/python3.8/site-packages/django/template/base.py", line 175, in render
    return self._render(context)
  File "/home/sharashell/.local/lib/python3.8/site-packages/django/template/base.py", line 167, in _render
    return self.nodelist.render(context)
  File "/home/sharashell/.local/lib/python3.8/site-packages/django/template/base.py", line 1005, in render
    return SafeString("".join([node.render_annotated(context) for node in self]))
  File "/home/sharashell/.local/lib/python3.8/site-packages/django/template/base.py", line 1005, in <listcomp>
    return SafeString("".join([node.render_annotated(context) for node in self]))
  File "/home/sharashell/.local/lib/python3.8/site-packages/django/template/base.py", line 966, in render_annotated
    return self.render(context)
  File "/home/sharashell/.local/lib/python3.8/site-packages/django/template/loader_tags.py", line 157, in render
    return compiled_parent._render(context)
  File "/home/sharashell/.local/lib/python3.8/site-packages/django/template/base.py", line 167, in _render
    return self.nodelist.render(context)
  File "/home/sharashell/.local/lib/python3.8/site-packages/django/template/base.py", line 1005, in render
    return SafeString("".join([node.render_annotated(context) for node in self]))
  File "/home/sharashell/.local/lib/python3.8/site-packages/django/template/base.py", line 1005, in <listcomp>
    return SafeString("".join([node.render_annotated(context) for node in self]))
  File "/home/sharashell/.local/lib/python3.8/site-packages/django/template/base.py", line 966, in render_annotated
    return self.render(context)
  File "/home/sharashell/.local/lib/python3.8/site-packages/django/template/loader_tags.py", line 157, in render
    return compiled_parent._render(context)
  File "/home/sharashell/.local/lib/python3.8/site-packages/django/template/base.py", line 167, in _render
    return self.nodelist.render(context)
  File "/home/sharashell/.local/lib/python3.8/site-packages/django/template/base.py", line 1005, in render
    return SafeString("".join([node.render_annotated(context) for node in self]))
  File "/home/sharashell/.local/lib/python3.8/site-packages/django/template/base.py", line 1005, in <listcomp>
    return SafeString("".join([node.render_annotated(context) for node in self]))
  File "/home/sharashell/.local/lib/python3.8/site-packages/django/template/base.py", line 966, in render_annotated
    return self.render(context)
  File "/home/sharashell/.local/lib/python3.8/site-packages/django/template/loader_tags.py", line 208, in render
    return template.render(context)
  File "/home/sharashell/.local/lib/python3.8/site-packages/django/template/base.py", line 177, in render
    return self._render(context)
  File "/home/sharashell/.local/lib/python3.8/site-packages/django/template/base.py", line 167, in _render
    return self.nodelist.render(context)
  File "/home/sharashell/.local/lib/python3.8/site-packages/django/template/base.py", line 1005, in render
    return SafeString("".join([node.render_annotated(context) for node in self]))
  File "/home/sharashell/.local/lib/python3.8/site-packages/django/template/base.py", line 1005, in <listcomp>
    return SafeString("".join([node.render_annotated(context) for node in self]))
  File "/home/sharashell/.local/lib/python3.8/site-packages/django/template/base.py", line 966, in render_annotated
    return self.render(context)
  File "/home/sharashell/.local/lib/python3.8/site-packages/django/template/defaulttags.py", line 471, in render
    url = reverse(view_name, args=args, kwargs=kwargs, current_app=current_app)
  File "/home/sharashell/.local/lib/python3.8/site-packages/django/urls/base.py", line 82, in reverse
    raise NoReverseMatch("%s is not a registered namespace" % key)
django.urls.exceptions.NoReverseMatch: 'superadmin' is not a registered namespace
2023-12-28 13:36:36,293 [INFO] Watching for file changes with StatReloader
2023-12-28 13:36:50,405 [ERROR] Internal Server Error: /staff/
Traceback (most recent call last):
  File "/home/sharashell/.local/lib/python3.8/site-packages/django/core/handlers/exception.py", line 55, in inner
    response = get_response(request)
  File "/home/sharashell/.local/lib/python3.8/site-packages/django/core/handlers/base.py", line 220, in _get_response
    response = response.render()
  File "/home/sharashell/.local/lib/python3.8/site-packages/django/template/response.py", line 114, in render
    self.content = self.rendered_content
  File "/home/sharashell/.local/lib/python3.8/site-packages/django/template/response.py", line 92, in rendered_content
    return template.render(context, self._request)
  File "/home/sharashell/.local/lib/python3.8/site-packages/django/template/backends/django.py", line 61, in render
    return self.template.render(context)
  File "/home/sharashell/.local/lib/python3.8/site-packages/django/template/base.py", line 175, in render
    return self._render(context)
  File "/home/sharashell/.local/lib/python3.8/site-packages/django/template/base.py", line 167, in _render
    return self.nodelist.render(context)
  File "/home/sharashell/.local/lib/python3.8/site-packages/django/template/base.py", line 1005, in render
    return SafeString("".join([node.render_annotated(context) for node in self]))
  File "/home/sharashell/.local/lib/python3.8/site-packages/django/template/base.py", line 1005, in <listcomp>
    return SafeString("".join([node.render_annotated(context) for node in self]))
  File "/home/sharashell/.local/lib/python3.8/site-packages/django/template/base.py", line 966, in render_annotated
    return self.render(context)
  File "/home/sharashell/.local/lib/python3.8/site-packages/django/template/loader_tags.py", line 157, in render
    return compiled_parent._render(context)
  File "/home/sharashell/.local/lib/python3.8/site-packages/django/template/base.py", line 167, in _render
    return self.nodelist.render(context)
  File "/home/sharashell/.local/lib/python3.8/site-packages/django/template/base.py", line 1005, in render
    return SafeString("".join([node.render_annotated(context) for node in self]))
  File "/home/sharashell/.local/lib/python3.8/site-packages/django/template/base.py", line 1005, in <listcomp>
    return SafeString("".join([node.render_annotated(context) for node in self]))
  File "/home/sharashell/.local/lib/python3.8/site-packages/django/template/base.py", line 966, in render_annotated
    return self.render(context)
  File "/home/sharashell/.local/lib/python3.8/site-packages/django/template/loader_tags.py", line 157, in render
    return compiled_parent._render(context)
  File "/home/sharashell/.local/lib/python3.8/site-packages/django/template/base.py", line 167, in _render
    return self.nodelist.render(context)
  File "/home/sharashell/.local/lib/python3.8/site-packages/django/template/base.py", line 1005, in render
    return SafeString("".join([node.render_annotated(context) for node in self]))
  File "/home/sharashell/.local/lib/python3.8/site-packages/django/template/base.py", line 1005, in <listcomp>
    return SafeString("".join([node.render_annotated(context) for node in self]))
  File "/home/sharashell/.local/lib/python3.8/site-packages/django/template/base.py", line 966, in render_annotated
    return self.render(context)
  File "/home/sharashell/.local/lib/python3.8/site-packages/django/template/loader_tags.py", line 197, in render
    template = context.template.engine.select_template(template_name)
  File "/home/sharashell/.local/lib/python3.8/site-packages/django/template/engine.py", line 206, in select_template
    return self.get_template(template_name)
  File "/home/sharashell/.local/lib/python3.8/site-packages/django/template/engine.py", line 175, in get_template
    template, origin = self.find_template(template_name)
  File "/home/sharashell/.local/lib/python3.8/site-packages/django/template/engine.py", line 157, in find_template
    template = loader.get_template(name, skip=skip)
  File "/home/sharashell/.local/lib/python3.8/site-packages/django/template/loaders/cached.py", line 57, in get_template
    template = super().get_template(template_name, skip)
  File "/home/sharashell/.local/lib/python3.8/site-packages/django/template/loaders/base.py", line 28, in get_template
    return Template(
  File "/home/sharashell/.local/lib/python3.8/site-packages/django/template/base.py", line 154, in __init__
    self.nodelist = self.compile_nodelist()
  File "/home/sharashell/.local/lib/python3.8/site-packages/django/template/base.py", line 200, in compile_nodelist
    return parser.parse()
  File "/home/sharashell/.local/lib/python3.8/site-packages/django/template/base.py", line 513, in parse
    raise self.error(token, e)
  File "/home/sharashell/.local/lib/python3.8/site-packages/django/template/base.py", line 511, in parse
    compiled_result = compile_func(self, token)
  File "/home/sharashell/.local/lib/python3.8/site-packages/django/template/defaulttags.py", line 1372, in url
    viewname = parser.compile_filter(bits[1])
  File "/home/sharashell/.local/lib/python3.8/site-packages/django/template/base.py", line 600, in compile_filter
    return FilterExpression(token, self)
  File "/home/sharashell/.local/lib/python3.8/site-packages/django/template/base.py", line 703, in __init__
    raise TemplateSyntaxError(
django.template.exceptions.TemplateSyntaxError: Could not parse the remainder: ':logout' from 'adminsite:logout'
2023-12-28 13:42:00,132 [INFO] Watching for file changes with StatReloader
2023-12-28 13:42:02,219 [ERROR] Internal Server Error: /staff/
Traceback (most recent call last):
  File "/home/sharashell/.local/lib/python3.8/site-packages/django/core/handlers/exception.py", line 55, in inner
    response = get_response(request)
  File "/home/sharashell/.local/lib/python3.8/site-packages/django/core/handlers/base.py", line 220, in _get_response
    response = response.render()
  File "/home/sharashell/.local/lib/python3.8/site-packages/django/template/response.py", line 114, in render
    self.content = self.rendered_content
  File "/home/sharashell/.local/lib/python3.8/site-packages/django/template/response.py", line 92, in rendered_content
    return template.render(context, self._request)
  File "/home/sharashell/.local/lib/python3.8/site-packages/django/template/backends/django.py", line 61, in render
    return self.template.render(context)
  File "/home/sharashell/.local/lib/python3.8/site-packages/django/template/base.py", line 175, in render
    return self._render(context)
  File "/home/sharashell/.local/lib/python3.8/site-packages/django/template/base.py", line 167, in _render
    return self.nodelist.render(context)
  File "/home/sharashell/.local/lib/python3.8/site-packages/django/template/base.py", line 1005, in render
    return SafeString("".join([node.render_annotated(context) for node in self]))
  File "/home/sharashell/.local/lib/python3.8/site-packages/django/template/base.py", line 1005, in <listcomp>
    return SafeString("".join([node.render_annotated(context) for node in self]))
  File "/home/sharashell/.local/lib/python3.8/site-packages/django/template/base.py", line 966, in render_annotated
    return self.render(context)
  File "/home/sharashell/.local/lib/python3.8/site-packages/django/template/loader_tags.py", line 157, in render
    return compiled_parent._render(context)
  File "/home/sharashell/.local/lib/python3.8/site-packages/django/template/base.py", line 167, in _render
    return self.nodelist.render(context)
  File "/home/sharashell/.local/lib/python3.8/site-packages/django/template/base.py", line 1005, in render
    return SafeString("".join([node.render_annotated(context) for node in self]))
  File "/home/sharashell/.local/lib/python3.8/site-packages/django/template/base.py", line 1005, in <listcomp>
    return SafeString("".join([node.render_annotated(context) for node in self]))
  File "/home/sharashell/.local/lib/python3.8/site-packages/django/template/base.py", line 966, in render_annotated
    return self.render(context)
  File "/home/sharashell/.local/lib/python3.8/site-packages/django/template/loader_tags.py", line 157, in render
    return compiled_parent._render(context)
  File "/home/sharashell/.local/lib/python3.8/site-packages/django/template/base.py", line 167, in _render
    return self.nodelist.render(context)
  File "/home/sharashell/.local/lib/python3.8/site-packages/django/template/base.py", line 1005, in render
    return SafeString("".join([node.render_annotated(context) for node in self]))
  File "/home/sharashell/.local/lib/python3.8/site-packages/django/template/base.py", line 1005, in <listcomp>
    return SafeString("".join([node.render_annotated(context) for node in self]))
  File "/home/sharashell/.local/lib/python3.8/site-packages/django/template/base.py", line 966, in render_annotated
    return self.render(context)
  File "/home/sharashell/.local/lib/python3.8/site-packages/django/template/loader_tags.py", line 197, in render
    template = context.template.engine.select_template(template_name)
  File "/home/sharashell/.local/lib/python3.8/site-packages/django/template/engine.py", line 206, in select_template
    return self.get_template(template_name)
  File "/home/sharashell/.local/lib/python3.8/site-packages/django/template/engine.py", line 175, in get_template
    template, origin = self.find_template(template_name)
  File "/home/sharashell/.local/lib/python3.8/site-packages/django/template/engine.py", line 157, in find_template
    template = loader.get_template(name, skip=skip)
  File "/home/sharashell/.local/lib/python3.8/site-packages/django/template/loaders/cached.py", line 57, in get_template
    template = super().get_template(template_name, skip)
  File "/home/sharashell/.local/lib/python3.8/site-packages/django/template/loaders/base.py", line 28, in get_template
    return Template(
  File "/home/sharashell/.local/lib/python3.8/site-packages/django/template/base.py", line 154, in __init__
    self.nodelist = self.compile_nodelist()
  File "/home/sharashell/.local/lib/python3.8/site-packages/django/template/base.py", line 200, in compile_nodelist
    return parser.parse()
  File "/home/sharashell/.local/lib/python3.8/site-packages/django/template/base.py", line 513, in parse
    raise self.error(token, e)
  File "/home/sharashell/.local/lib/python3.8/site-packages/django/template/base.py", line 511, in parse
    compiled_result = compile_func(self, token)
  File "/home/sharashell/.local/lib/python3.8/site-packages/django/template/defaulttags.py", line 1372, in url
    viewname = parser.compile_filter(bits[1])
  File "/home/sharashell/.local/lib/python3.8/site-packages/django/template/base.py", line 600, in compile_filter
    return FilterExpression(token, self)
  File "/home/sharashell/.local/lib/python3.8/site-packages/django/template/base.py", line 703, in __init__
    raise TemplateSyntaxError(
django.template.exceptions.TemplateSyntaxError: Could not parse the remainder: ':logout' from 'staff:logout'
2023-12-28 13:42:24,405 [INFO] Watching for file changes with StatReloader
2023-12-28 13:42:26,276 [ERROR] Internal Server Error: /staff/
Traceback (most recent call last):
  File "/home/sharashell/.local/lib/python3.8/site-packages/django/core/handlers/exception.py", line 55, in inner
    response = get_response(request)
  File "/home/sharashell/.local/lib/python3.8/site-packages/django/core/handlers/base.py", line 220, in _get_response
    response = response.render()
  File "/home/sharashell/.local/lib/python3.8/site-packages/django/template/response.py", line 114, in render
    self.content = self.rendered_content
  File "/home/sharashell/.local/lib/python3.8/site-packages/django/template/response.py", line 92, in rendered_content
    return template.render(context, self._request)
  File "/home/sharashell/.local/lib/python3.8/site-packages/django/template/backends/django.py", line 61, in render
    return self.template.render(context)
  File "/home/sharashell/.local/lib/python3.8/site-packages/django/template/base.py", line 175, in render
    return self._render(context)
  File "/home/sharashell/.local/lib/python3.8/site-packages/django/template/base.py", line 167, in _render
    return self.nodelist.render(context)
  File "/home/sharashell/.local/lib/python3.8/site-packages/django/template/base.py", line 1005, in render
    return SafeString("".join([node.render_annotated(context) for node in self]))
  File "/home/sharashell/.local/lib/python3.8/site-packages/django/template/base.py", line 1005, in <listcomp>
    return SafeString("".join([node.render_annotated(context) for node in self]))
  File "/home/sharashell/.local/lib/python3.8/site-packages/django/template/base.py", line 966, in render_annotated
    return self.render(context)
  File "/home/sharashell/.local/lib/python3.8/site-packages/django/template/loader_tags.py", line 157, in render
    return compiled_parent._render(context)
  File "/home/sharashell/.local/lib/python3.8/site-packages/django/template/base.py", line 167, in _render
    return self.nodelist.render(context)
  File "/home/sharashell/.local/lib/python3.8/site-packages/django/template/base.py", line 1005, in render
    return SafeString("".join([node.render_annotated(context) for node in self]))
  File "/home/sharashell/.local/lib/python3.8/site-packages/django/template/base.py", line 1005, in <listcomp>
    return SafeString("".join([node.render_annotated(context) for node in self]))
  File "/home/sharashell/.local/lib/python3.8/site-packages/django/template/base.py", line 966, in render_annotated
    return self.render(context)
  File "/home/sharashell/.local/lib/python3.8/site-packages/django/template/loader_tags.py", line 157, in render
    return compiled_parent._render(context)
  File "/home/sharashell/.local/lib/python3.8/site-packages/django/template/base.py", line 167, in _render
    return self.nodelist.render(context)
  File "/home/sharashell/.local/lib/python3.8/site-packages/django/template/base.py", line 1005, in render
    return SafeString("".join([node.render_annotated(context) for node in self]))
  File "/home/sharashell/.local/lib/python3.8/site-packages/django/template/base.py", line 1005, in <listcomp>
    return SafeString("".join([node.render_annotated(context) for node in self]))
  File "/home/sharashell/.local/lib/python3.8/site-packages/django/template/base.py", line 966, in render_annotated
    return self.render(context)
  File "/home/sharashell/.local/lib/python3.8/site-packages/django/template/loader_tags.py", line 63, in render
    result = block.nodelist.render(context)
  File "/home/sharashell/.local/lib/python3.8/site-packages/django/template/base.py", line 1005, in render
    return SafeString("".join([node.render_annotated(context) for node in self]))
  File "/home/sharashell/.local/lib/python3.8/site-packages/django/template/base.py", line 1005, in <listcomp>
    return SafeString("".join([node.render_annotated(context) for node in self]))
  File "/home/sharashell/.local/lib/python3.8/site-packages/django/template/base.py", line 966, in render_annotated
    return self.render(context)
  File "/home/sharashell/.local/lib/python3.8/site-packages/django/template/defaulttags.py", line 321, in render
    return nodelist.render(context)
  File "/home/sharashell/.local/lib/python3.8/site-packages/django/template/base.py", line 1005, in render
    return SafeString("".join([node.render_annotated(context) for node in self]))
  File "/home/sharashell/.local/lib/python3.8/site-packages/django/template/base.py", line 1005, in <listcomp>
    return SafeString("".join([node.render_annotated(context) for node in self]))
  File "/home/sharashell/.local/lib/python3.8/site-packages/django/template/base.py", line 966, in render_annotated
    return self.render(context)
  File "/home/sharashell/.local/lib/python3.8/site-packages/django/template/loader_tags.py", line 208, in render
    return template.render(context)
  File "/home/sharashell/.local/lib/python3.8/site-packages/django/template/base.py", line 177, in render
    return self._render(context)
  File "/home/sharashell/.local/lib/python3.8/site-packages/django/template/base.py", line 167, in _render
    return self.nodelist.render(context)
  File "/home/sharashell/.local/lib/python3.8/site-packages/django/template/base.py", line 1005, in render
    return SafeString("".join([node.render_annotated(context) for node in self]))
  File "/home/sharashell/.local/lib/python3.8/site-packages/django/template/base.py", line 1005, in <listcomp>
    return SafeString("".join([node.render_annotated(context) for node in self]))
  File "/home/sharashell/.local/lib/python3.8/site-packages/django/template/base.py", line 966, in render_annotated
    return self.render(context)
  File "/home/sharashell/.local/lib/python3.8/site-packages/django/template/base.py", line 1070, in render
    return render_value_in_context(output, context)
  File "/home/sharashell/.local/lib/python3.8/site-packages/django/template/base.py", line 1047, in render_value_in_context
    value = str(value)
  File "/home/sharashell/.local/lib/python3.8/site-packages/django/utils/functional.py", line 268, in inner
    return func(_wrapped, *args)
  File "/home/sharashell/DjangoProjects/BOMACH_PROJECTS/bomach_django/myapps/authuser/models/user_model.py", line 84, in __str__
    return f"{self.first_name} {self.last_name}"
AttributeError: 'User' object has no attribute 'first_name'
2023-12-28 13:42:27,899 [ERROR] Internal Server Error: /staff/
Traceback (most recent call last):
  File "/home/sharashell/.local/lib/python3.8/site-packages/django/core/handlers/exception.py", line 55, in inner
    response = get_response(request)
  File "/home/sharashell/.local/lib/python3.8/site-packages/django/core/handlers/base.py", line 220, in _get_response
    response = response.render()
  File "/home/sharashell/.local/lib/python3.8/site-packages/django/template/response.py", line 114, in render
    self.content = self.rendered_content
  File "/home/sharashell/.local/lib/python3.8/site-packages/django/template/response.py", line 92, in rendered_content
    return template.render(context, self._request)
  File "/home/sharashell/.local/lib/python3.8/site-packages/django/template/backends/django.py", line 61, in render
    return self.template.render(context)
  File "/home/sharashell/.local/lib/python3.8/site-packages/django/template/base.py", line 175, in render
    return self._render(context)
  File "/home/sharashell/.local/lib/python3.8/site-packages/django/template/base.py", line 167, in _render
    return self.nodelist.render(context)
  File "/home/sharashell/.local/lib/python3.8/site-packages/django/template/base.py", line 1005, in render
    return SafeString("".join([node.render_annotated(context) for node in self]))
  File "/home/sharashell/.local/lib/python3.8/site-packages/django/template/base.py", line 1005, in <listcomp>
    return SafeString("".join([node.render_annotated(context) for node in self]))
  File "/home/sharashell/.local/lib/python3.8/site-packages/django/template/base.py", line 966, in render_annotated
    return self.render(context)
  File "/home/sharashell/.local/lib/python3.8/site-packages/django/template/loader_tags.py", line 157, in render
    return compiled_parent._render(context)
  File "/home/sharashell/.local/lib/python3.8/site-packages/django/template/base.py", line 167, in _render
    return self.nodelist.render(context)
  File "/home/sharashell/.local/lib/python3.8/site-packages/django/template/base.py", line 1005, in render
    return SafeString("".join([node.render_annotated(context) for node in self]))
  File "/home/sharashell/.local/lib/python3.8/site-packages/django/template/base.py", line 1005, in <listcomp>
    return SafeString("".join([node.render_annotated(context) for node in self]))
  File "/home/sharashell/.local/lib/python3.8/site-packages/django/template/base.py", line 966, in render_annotated
    return self.render(context)
  File "/home/sharashell/.local/lib/python3.8/site-packages/django/template/loader_tags.py", line 157, in render
    return compiled_parent._render(context)
  File "/home/sharashell/.local/lib/python3.8/site-packages/django/template/base.py", line 167, in _render
    return self.nodelist.render(context)
  File "/home/sharashell/.local/lib/python3.8/site-packages/django/template/base.py", line 1005, in render
    return SafeString("".join([node.render_annotated(context) for node in self]))
  File "/home/sharashell/.local/lib/python3.8/site-packages/django/template/base.py", line 1005, in <listcomp>
    return SafeString("".join([node.render_annotated(context) for node in self]))
  File "/home/sharashell/.local/lib/python3.8/site-packages/django/template/base.py", line 966, in render_annotated
    return self.render(context)
  File "/home/sharashell/.local/lib/python3.8/site-packages/django/template/loader_tags.py", line 63, in render
    result = block.nodelist.render(context)
  File "/home/sharashell/.local/lib/python3.8/site-packages/django/template/base.py", line 1005, in render
    return SafeString("".join([node.render_annotated(context) for node in self]))
  File "/home/sharashell/.local/lib/python3.8/site-packages/django/template/base.py", line 1005, in <listcomp>
    return SafeString("".join([node.render_annotated(context) for node in self]))
  File "/home/sharashell/.local/lib/python3.8/site-packages/django/template/base.py", line 966, in render_annotated
    return self.render(context)
  File "/home/sharashell/.local/lib/python3.8/site-packages/django/template/defaulttags.py", line 321, in render
    return nodelist.render(context)
  File "/home/sharashell/.local/lib/python3.8/site-packages/django/template/base.py", line 1005, in render
    return SafeString("".join([node.render_annotated(context) for node in self]))
  File "/home/sharashell/.local/lib/python3.8/site-packages/django/template/base.py", line 1005, in <listcomp>
    return SafeString("".join([node.render_annotated(context) for node in self]))
  File "/home/sharashell/.local/lib/python3.8/site-packages/django/template/base.py", line 966, in render_annotated
    return self.render(context)
  File "/home/sharashell/.local/lib/python3.8/site-packages/django/template/loader_tags.py", line 208, in render
    return template.render(context)
  File "/home/sharashell/.local/lib/python3.8/site-packages/django/template/base.py", line 177, in render
    return self._render(context)
  File "/home/sharashell/.local/lib/python3.8/site-packages/django/template/base.py", line 167, in _render
    return self.nodelist.render(context)
  File "/home/sharashell/.local/lib/python3.8/site-packages/django/template/base.py", line 1005, in render
    return SafeString("".join([node.render_annotated(context) for node in self]))
  File "/home/sharashell/.local/lib/python3.8/site-packages/django/template/base.py", line 1005, in <listcomp>
    return SafeString("".join([node.render_annotated(context) for node in self]))
  File "/home/sharashell/.local/lib/python3.8/site-packages/django/template/base.py", line 966, in render_annotated
    return self.render(context)
  File "/home/sharashell/.local/lib/python3.8/site-packages/django/template/base.py", line 1070, in render
    return render_value_in_context(output, context)
  File "/home/sharashell/.local/lib/python3.8/site-packages/django/template/base.py", line 1047, in render_value_in_context
    value = str(value)
  File "/home/sharashell/.local/lib/python3.8/site-packages/django/utils/functional.py", line 268, in inner
    return func(_wrapped, *args)
  File "/home/sharashell/DjangoProjects/BOMACH_PROJECTS/bomach_django/myapps/authuser/models/user_model.py", line 84, in __str__
    return f"{self.first_name} {self.last_name}"
AttributeError: 'User' object has no attribute 'first_name'
2023-12-28 13:45:49,134 [INFO] Watching for file changes with StatReloader
2023-12-28 13:49:29,975 [INFO] Watching for file changes with StatReloader
2023-12-28 13:49:58,140 [INFO] /home/sharashell/DjangoProjects/BOMACH_PROJECTS/bomach_django/admin_staff/admin_staff/settings/development_settings.py changed, reloading.
2023-12-28 13:50:21,771 [INFO] Watching for file changes with StatReloader
2023-12-28 13:50:26,954 [ERROR] Internal Server Error: /staff/
Traceback (most recent call last):
  File "/home/sharashell/.local/lib/python3.8/site-packages/django/core/handlers/exception.py", line 55, in inner
    response = get_response(request)
  File "/home/sharashell/.local/lib/python3.8/site-packages/django/core/handlers/base.py", line 220, in _get_response
    response = response.render()
  File "/home/sharashell/.local/lib/python3.8/site-packages/django/template/response.py", line 114, in render
    self.content = self.rendered_content
  File "/home/sharashell/.local/lib/python3.8/site-packages/django/template/response.py", line 92, in rendered_content
    return template.render(context, self._request)
  File "/home/sharashell/.local/lib/python3.8/site-packages/django/template/backends/django.py", line 61, in render
    return self.template.render(context)
  File "/home/sharashell/.local/lib/python3.8/site-packages/django/template/base.py", line 175, in render
    return self._render(context)
  File "/home/sharashell/.local/lib/python3.8/site-packages/django/template/base.py", line 167, in _render
    return self.nodelist.render(context)
  File "/home/sharashell/.local/lib/python3.8/site-packages/django/template/base.py", line 1005, in render
    return SafeString("".join([node.render_annotated(context) for node in self]))
  File "/home/sharashell/.local/lib/python3.8/site-packages/django/template/base.py", line 1005, in <listcomp>
    return SafeString("".join([node.render_annotated(context) for node in self]))
  File "/home/sharashell/.local/lib/python3.8/site-packages/django/template/base.py", line 966, in render_annotated
    return self.render(context)
  File "/home/sharashell/.local/lib/python3.8/site-packages/django/template/loader_tags.py", line 157, in render
    return compiled_parent._render(context)
  File "/home/sharashell/.local/lib/python3.8/site-packages/django/template/base.py", line 167, in _render
    return self.nodelist.render(context)
  File "/home/sharashell/.local/lib/python3.8/site-packages/django/template/base.py", line 1005, in render
    return SafeString("".join([node.render_annotated(context) for node in self]))
  File "/home/sharashell/.local/lib/python3.8/site-packages/django/template/base.py", line 1005, in <listcomp>
    return SafeString("".join([node.render_annotated(context) for node in self]))
  File "/home/sharashell/.local/lib/python3.8/site-packages/django/template/base.py", line 966, in render_annotated
    return self.render(context)
  File "/home/sharashell/.local/lib/python3.8/site-packages/django/template/loader_tags.py", line 157, in render
    return compiled_parent._render(context)
  File "/home/sharashell/.local/lib/python3.8/site-packages/django/template/base.py", line 167, in _render
    return self.nodelist.render(context)
  File "/home/sharashell/.local/lib/python3.8/site-packages/django/template/base.py", line 1005, in render
    return SafeString("".join([node.render_annotated(context) for node in self]))
  File "/home/sharashell/.local/lib/python3.8/site-packages/django/template/base.py", line 1005, in <listcomp>
    return SafeString("".join([node.render_annotated(context) for node in self]))
  File "/home/sharashell/.local/lib/python3.8/site-packages/django/template/base.py", line 966, in render_annotated
    return self.render(context)
  File "/home/sharashell/.local/lib/python3.8/site-packages/django/template/loader_tags.py", line 63, in render
    result = block.nodelist.render(context)
  File "/home/sharashell/.local/lib/python3.8/site-packages/django/template/base.py", line 1005, in render
    return SafeString("".join([node.render_annotated(context) for node in self]))
  File "/home/sharashell/.local/lib/python3.8/site-packages/django/template/base.py", line 1005, in <listcomp>
    return SafeString("".join([node.render_annotated(context) for node in self]))
  File "/home/sharashell/.local/lib/python3.8/site-packages/django/template/base.py", line 966, in render_annotated
    return self.render(context)
  File "/home/sharashell/.local/lib/python3.8/site-packages/django/template/defaulttags.py", line 321, in render
    return nodelist.render(context)
  File "/home/sharashell/.local/lib/python3.8/site-packages/django/template/base.py", line 1005, in render
    return SafeString("".join([node.render_annotated(context) for node in self]))
  File "/home/sharashell/.local/lib/python3.8/site-packages/django/template/base.py", line 1005, in <listcomp>
    return SafeString("".join([node.render_annotated(context) for node in self]))
  File "/home/sharashell/.local/lib/python3.8/site-packages/django/template/base.py", line 966, in render_annotated
    return self.render(context)
  File "/home/sharashell/.local/lib/python3.8/site-packages/django/template/loader_tags.py", line 208, in render
    return template.render(context)
  File "/home/sharashell/.local/lib/python3.8/site-packages/django/template/base.py", line 177, in render
    return self._render(context)
  File "/home/sharashell/.local/lib/python3.8/site-packages/django/template/base.py", line 167, in _render
    return self.nodelist.render(context)
  File "/home/sharashell/.local/lib/python3.8/site-packages/django/template/base.py", line 1005, in render
    return SafeString("".join([node.render_annotated(context) for node in self]))
  File "/home/sharashell/.local/lib/python3.8/site-packages/django/template/base.py", line 1005, in <listcomp>
    return SafeString("".join([node.render_annotated(context) for node in self]))
  File "/home/sharashell/.local/lib/python3.8/site-packages/django/template/base.py", line 966, in render_annotated
    return self.render(context)
  File "/home/sharashell/.local/lib/python3.8/site-packages/django/template/base.py", line 1070, in render
    return render_value_in_context(output, context)
  File "/home/sharashell/.local/lib/python3.8/site-packages/django/template/base.py", line 1047, in render_value_in_context
    value = str(value)
  File "/home/sharashell/.local/lib/python3.8/site-packages/django/utils/functional.py", line 268, in inner
    return func(_wrapped, *args)
  File "/home/sharashell/DjangoProjects/BOMACH_PROJECTS/bomach_django/myapps/authuser/models/user_model.py", line 84, in __str__
    return f"{self.first_name} {self.last_name}"
AttributeError: 'User' object has no attribute 'first_name'
2023-12-28 13:51:43,188 [INFO] Watching for file changes with StatReloader
2023-12-28 13:51:46,246 [ERROR] Internal Server Error: /staff/
Traceback (most recent call last):
  File "/home/sharashell/.local/lib/python3.8/site-packages/django/core/handlers/exception.py", line 55, in inner
    response = get_response(request)
  File "/home/sharashell/.local/lib/python3.8/site-packages/django/core/handlers/base.py", line 220, in _get_response
    response = response.render()
  File "/home/sharashell/.local/lib/python3.8/site-packages/django/template/response.py", line 114, in render
    self.content = self.rendered_content
  File "/home/sharashell/.local/lib/python3.8/site-packages/django/template/response.py", line 92, in rendered_content
    return template.render(context, self._request)
  File "/home/sharashell/.local/lib/python3.8/site-packages/django/template/backends/django.py", line 61, in render
    return self.template.render(context)
  File "/home/sharashell/.local/lib/python3.8/site-packages/django/template/base.py", line 175, in render
    return self._render(context)
  File "/home/sharashell/.local/lib/python3.8/site-packages/django/template/base.py", line 167, in _render
    return self.nodelist.render(context)
  File "/home/sharashell/.local/lib/python3.8/site-packages/django/template/base.py", line 1005, in render
    return SafeString("".join([node.render_annotated(context) for node in self]))
  File "/home/sharashell/.local/lib/python3.8/site-packages/django/template/base.py", line 1005, in <listcomp>
    return SafeString("".join([node.render_annotated(context) for node in self]))
  File "/home/sharashell/.local/lib/python3.8/site-packages/django/template/base.py", line 966, in render_annotated
    return self.render(context)
  File "/home/sharashell/.local/lib/python3.8/site-packages/django/template/loader_tags.py", line 157, in render
    return compiled_parent._render(context)
  File "/home/sharashell/.local/lib/python3.8/site-packages/django/template/base.py", line 167, in _render
    return self.nodelist.render(context)
  File "/home/sharashell/.local/lib/python3.8/site-packages/django/template/base.py", line 1005, in render
    return SafeString("".join([node.render_annotated(context) for node in self]))
  File "/home/sharashell/.local/lib/python3.8/site-packages/django/template/base.py", line 1005, in <listcomp>
    return SafeString("".join([node.render_annotated(context) for node in self]))
  File "/home/sharashell/.local/lib/python3.8/site-packages/django/template/base.py", line 966, in render_annotated
    return self.render(context)
  File "/home/sharashell/.local/lib/python3.8/site-packages/django/template/loader_tags.py", line 63, in render
    result = block.nodelist.render(context)
  File "/home/sharashell/.local/lib/python3.8/site-packages/django/template/base.py", line 1005, in render
    return SafeString("".join([node.render_annotated(context) for node in self]))
  File "/home/sharashell/.local/lib/python3.8/site-packages/django/template/base.py", line 1005, in <listcomp>
    return SafeString("".join([node.render_annotated(context) for node in self]))
  File "/home/sharashell/.local/lib/python3.8/site-packages/django/template/base.py", line 966, in render_annotated
    return self.render(context)
  File "/home/sharashell/.local/lib/python3.8/site-packages/django/template/defaulttags.py", line 124, in render
    output = [escape(pformat(val)) for val in context]
  File "/home/sharashell/.local/lib/python3.8/site-packages/django/template/defaulttags.py", line 124, in <listcomp>
    output = [escape(pformat(val)) for val in context]
  File "/usr/lib/python3.8/pprint.py", line 58, in pformat
    return PrettyPrinter(indent=indent, width=width, depth=depth,
  File "/usr/lib/python3.8/pprint.py", line 153, in pformat
    self._format(object, sio, 0, 0, {}, 0)
  File "/usr/lib/python3.8/pprint.py", line 170, in _format
    rep = self._repr(object, context, level)
  File "/usr/lib/python3.8/pprint.py", line 404, in _repr
    repr, readable, recursive = self.format(object, context.copy(),
  File "/usr/lib/python3.8/pprint.py", line 417, in format
    return _safe_repr(object, context, maxlevels, level, self._sort_dicts)
  File "/usr/lib/python3.8/pprint.py", line 528, in _safe_repr
    vrepr, vreadable, vrecur = _safe_repr(v, context, maxlevels, level, sort_dicts)
  File "/usr/lib/python3.8/pprint.py", line 569, in _safe_repr
    rep = repr(object)
  File "/home/sharashell/.local/lib/python3.8/site-packages/django/contrib/auth/context_processors.py", line 29, in __repr__
    return f"{self.__class__.__qualname__}({self.user!r})"
  File "/home/sharashell/.local/lib/python3.8/site-packages/django/utils/functional.py", line 428, in __repr__
    return "<%s: %r>" % (type(self).__name__, repr_attr)
  File "/home/sharashell/.local/lib/python3.8/site-packages/django/db/models/base.py", line 588, in __repr__
    return "<%s: %s>" % (self.__class__.__name__, self)
  File "/home/sharashell/DjangoProjects/BOMACH_PROJECTS/bomach_django/myapps/authuser/models/user_model.py", line 84, in __str__
    return f"{self.first_name} {self.last_name}"
AttributeError: 'User' object has no attribute 'first_name'
2023-12-28 13:53:51,476 [INFO] Watching for file changes with StatReloader
2023-12-28 14:11:27,953 [INFO] /home/sharashell/DjangoProjects/BOMACH_PROJECTS/bomach_django/myapps/authuser/models/user_model.py changed, reloading.
2023-12-28 14:11:31,004 [INFO] Watching for file changes with StatReloader
2023-12-28 14:11:34,798 [INFO] /home/sharashell/DjangoProjects/BOMACH_PROJECTS/bomach_django/myapps/authuser/models/user_model.py changed, reloading.
2023-12-28 14:11:37,755 [INFO] Watching for file changes with StatReloader
2023-12-28 14:11:41,799 [INFO] /home/sharashell/DjangoProjects/BOMACH_PROJECTS/bomach_django/myapps/authuser/models/user_model.py changed, reloading.
2023-12-28 14:11:44,268 [INFO] Watching for file changes with StatReloader
2023-12-28 14:11:48,631 [INFO] /home/sharashell/DjangoProjects/BOMACH_PROJECTS/bomach_django/myapps/authuser/models/user_model.py changed, reloading.
2023-12-28 14:11:51,791 [INFO] Watching for file changes with StatReloader
2023-12-28 14:13:46,474 [INFO] /home/sharashell/DjangoProjects/BOMACH_PROJECTS/bomach_django/admin_staff/admin_staff/settings/development_settings.py changed, reloading.
2023-12-28 14:13:48,590 [INFO] Watching for file changes with StatReloader
2023-12-28 14:13:53,058 [INFO] /home/sharashell/DjangoProjects/BOMACH_PROJECTS/bomach_django/admin_staff/admin_staff/settings/development_settings.py changed, reloading.
2023-12-28 14:13:55,315 [INFO] Watching for file changes with StatReloader
2023-12-28 14:13:57,428 [INFO] /home/sharashell/DjangoProjects/BOMACH_PROJECTS/bomach_django/admin_staff/admin_staff/settings/development_settings.py changed, reloading.
2023-12-28 14:13:59,435 [INFO] Watching for file changes with StatReloader
2023-12-28 14:14:05,925 [INFO] /home/sharashell/DjangoProjects/BOMACH_PROJECTS/bomach_django/admin_staff/admin_staff/settings/development_settings.py changed, reloading.
2023-12-28 14:14:08,176 [INFO] Watching for file changes with StatReloader
2023-12-28 14:18:20,862 [INFO] Watching for file changes with StatReloader
2023-12-28 14:19:27,347 [INFO] /home/sharashell/DjangoProjects/BOMACH_PROJECTS/bomach_django/myapps/operations/admin/__init__.py changed, reloading.
2023-12-28 14:19:29,837 [INFO] Watching for file changes with StatReloader
2023-12-28 14:19:58,073 [INFO] /home/sharashell/DjangoProjects/BOMACH_PROJECTS/bomach_django/myapps/operations/admin/contract_admin.py changed, reloading.
2023-12-28 14:20:00,851 [INFO] Watching for file changes with StatReloader
2023-12-28 14:20:03,917 [INFO] /home/sharashell/DjangoProjects/BOMACH_PROJECTS/bomach_django/myapps/operations/admin/contract_admin.py changed, reloading.
2023-12-28 14:20:07,406 [INFO] Watching for file changes with StatReloader
2023-12-28 14:20:38,804 [INFO] /home/sharashell/DjangoProjects/BOMACH_PROJECTS/bomach_django/myapps/operations/admin/project_admin.py changed, reloading.
2023-12-28 14:20:41,350 [INFO] Watching for file changes with StatReloader
2023-12-28 14:20:44,089 [INFO] /home/sharashell/DjangoProjects/BOMACH_PROJECTS/bomach_django/myapps/operations/admin/project_admin.py changed, reloading.
2023-12-28 14:20:47,046 [INFO] Watching for file changes with StatReloader
2023-12-28 14:21:09,253 [INFO] /home/sharashell/DjangoProjects/BOMACH_PROJECTS/bomach_django/plugins/code_generator.py changed, reloading.
2023-12-28 14:21:10,611 [INFO] Watching for file changes with StatReloader
2023-12-28 14:21:12,199 [INFO] /home/sharashell/DjangoProjects/BOMACH_PROJECTS/bomach_django/plugins/code_generator.py changed, reloading.
2023-12-28 14:21:14,211 [INFO] Watching for file changes with StatReloader
2023-12-28 14:22:33,805 [INFO] Watching for file changes with StatReloader
2023-12-28 14:23:10,086 [INFO] /home/sharashell/DjangoProjects/BOMACH_PROJECTS/bomach_django/myapps/operations/forms/__init__.py changed, reloading.
2023-12-28 14:23:12,967 [INFO] Watching for file changes with StatReloader
2023-12-28 14:23:14,596 [INFO] /home/sharashell/DjangoProjects/BOMACH_PROJECTS/bomach_django/myapps/operations/forms/__init__.py changed, reloading.
2023-12-28 14:23:17,525 [INFO] Watching for file changes with StatReloader
2023-12-28 14:23:20,457 [INFO] /home/sharashell/DjangoProjects/BOMACH_PROJECTS/bomach_django/myapps/operations/forms/__init__.py changed, reloading.
2023-12-28 14:23:22,857 [INFO] Watching for file changes with StatReloader
2023-12-28 14:23:26,580 [INFO] /home/sharashell/DjangoProjects/BOMACH_PROJECTS/bomach_django/myapps/operations/forms/__init__.py changed, reloading.
2023-12-28 14:23:28,740 [INFO] Watching for file changes with StatReloader
2023-12-28 14:24:02,011 [INFO] /home/sharashell/DjangoProjects/BOMACH_PROJECTS/bomach_django/actions/task_action.py changed, reloading.
2023-12-28 14:24:04,943 [INFO] Watching for file changes with StatReloader
2023-12-28 14:24:16,840 [INFO] /home/sharashell/DjangoProjects/BOMACH_PROJECTS/bomach_django/actions/serviceQuote.py changed, reloading.
2023-12-28 14:24:19,826 [INFO] Watching for file changes with StatReloader
2023-12-28 15:09:43,774 [INFO] Watching for file changes with StatReloader
